<?xml version="1.0" encoding="UTF-8"?>
<testng-results skipped="0" failed="0" total="0" passed="0">
  <reporter-output>
  </reporter-output>
  <suite name="org.example.AppTest" duration-ms="2" started-at="2023-02-28T18:00:21Z" finished-at="2023-02-28T18:00:21Z">
    <groups>
    </groups>
    <test name="Command line test" duration-ms="2" started-at="2023-02-28T18:00:21Z" finished-at="2023-02-28T18:00:21Z">
    </test> <!-- Command line test -->
  </suite> <!-- org.example.AppTest -->
</testng-results>
